<?xml version="1.0" encoding="UTF-8" standalone="yes"?>
<ns2:test-suite xmlns:ns2="urn:model.allure.qatools.yandex.ru" start="1386780575073" stop="1386780581403">
    <title>Search tests</title>
    <description>This testsuite has tests what always are passing</description>
    <classname>my.company.SearchTest</classname>
    <test-cases>
        <test-case start="1386780575086" stop="1386780577247" status="failed" severity="normal">
            <title>Page loading test</title>
            <failure>
                <message>AssertionError: 
Expected: is &quot;Yandex&quot;
     but: was &quot;&quot;</message>
                <stack-trace>java.lang.AssertionError: 
Expected: is &quot;Yandex&quot;
     but: was &quot;&quot;
	at org.hamcrest.MatcherAssert.assertThat(MatcherAssert.java:20)
	at org.junit.Assert.assertThat(Assert.java:865)
	at org.junit.Assert.assertThat(Assert.java:832)
	at my.company.steps.WebDriverSteps.checkText(WebDriverSteps.java:50)
	at my.company.SearchTest.pageLoadingTest(SearchTest.java:35)
	at sun.reflect.NativeMethodAccessorImpl.invoke0(Native Method)
	at sun.reflect.NativeMethodAccessorImpl.invoke(NativeMethodAccessorImpl.java:57)
	at sun.reflect.DelegatingMethodAccessorImpl.invoke(DelegatingMethodAccessorImpl.java:43)
	at java.lang.reflect.Method.invoke(Method.java:606)
	at org.junit.runners.model.FrameworkMethod$1.runReflectiveCall(FrameworkMethod.java:47)
	at org.junit.internal.runners.model.ReflectiveCallable.run(ReflectiveCallable.java:12)
	at org.junit.runners.model.FrameworkMethod.invokeExplosively(FrameworkMethod.java:44)
	at org.junit.internal.runners.statements.InvokeMethod.evaluate(InvokeMethod.java:17)
	at org.junit.internal.runners.statements.RunBefores.evaluate(RunBefores.java:26)
	at org.junit.internal.runners.statements.RunAfters.evaluate(RunAfters.java:27)
	at org.junit.rules.TestWatcher$1.evaluate(TestWatcher.java:55)
	at org.junit.rules.RunRules.evaluate(RunRules.java:20)
	at org.junit.runners.ParentRunner.runLeaf(ParentRunner.java:271)
	at org.junit.runners.BlockJUnit4ClassRunner.runChild(BlockJUnit4ClassRunner.java:70)
	at org.junit.runners.BlockJUnit4ClassRunner.runChild(BlockJUnit4ClassRunner.java:50)
	at org.junit.runners.ParentRunner$3.run(ParentRunner.java:238)
	at java.util.concurrent.Executors$RunnableAdapter.call(Executors.java:471)
	at java.util.concurrent.FutureTask.run(FutureTask.java:262)
	at java.util.concurrent.ThreadPoolExecutor.runWorker(ThreadPoolExecutor.java:1145)
	at java.util.concurrent.ThreadPoolExecutor$Worker.run(ThreadPoolExecutor.java:615)
	at java.lang.Thread.run(Thread.java:744)
</stack-trace>
            </failure>
            <steps>
                <step start="1386780576217" stop="1386780576590" status="passed">
                    <title>openMainPage</title>
                </step>
                <step start="1386780576686" stop="1386780576697" status="passed">
                    <title>findElement</title>
                </step>
                <step start="1386780576697" stop="1386780576717" status="failed">
                    <title>Check text in element</title>
                </step>
            </steps>
            <attachments>
                <attachment title="Server Log" source="20141f07-9974-443e-bd14-10e88851d935-attachment.txt" type="txt"/>
                <attachment title="Response" source="c8e4ba52-8d3d-4bab-95af-0b48f481782e-attachment.json" type="json"/>
                <attachment title="Page Screenshot" source="9a523c55-8078-45b7-921a-9a3e7977a66b-attachment.png" type="png"/>
            </attachments>
        </test-case>
        <test-case start="1386780575085" stop="1386780579720" status="passed" severity="trivial">
            <title>Empty text search</title>
            <steps>
                <step start="1386780576218" stop="1386780576578" status="passed">
                    <title>openMainPage</title>
                </step>
                <step start="1386780576579" stop="1386780579131" status="passed">
                    <title>search</title>
                </step>
            </steps>
            <attachments>
                <attachment title="Page Screenshot" source="2a3fa2ad-1a44-4d48-acc9-f99d716a43b8-attachment.png" type="png"/>
            </attachments>
        </test-case>
        <test-case start="1386780575088" stop="1386780580391" status="passed" severity="normal">
            <title>Usual search test</title>
            <steps>
                <step start="1386780576217" stop="1386780577578" status="passed">
                    <title>openMainPage</title>
                </step>
                <step start="1386780577579" stop="1386780579697" status="passed">
                    <title>search</title>
                </step>
            </steps>
            <attachments>
                <attachment title="Page Screenshot" source="d3a9bd8a-f48b-4ac7-be0f-1acd74a895bb-attachment.png" type="png"/>
            </attachments>
        </test-case>
        <test-case start="1386780575087" stop="1386780581398" status="passed" severity="normal">
            <title>Wildcard search test</title>
            <steps>
                <step start="1386780576217" stop="1386780576585" status="passed">
                    <title>openMainPage</title>
                </step>
                <step start="1386780576585" stop="1386780580710" status="passed">
                    <title>search</title>
                </step>
            </steps>
            <attachments>
                <attachment title="Page Screenshot" source="2eeec54a-e13e-4ebb-aed9-57f9608d9830-attachment.png" type="png"/>
            </attachments>
        </test-case>
    </test-cases>
</ns2:test-suite>
