<?xml version="1.0" encoding="UTF-8" standalone="yes"?>
<ns2:test-suite xmlns:ns2="urn:model.allure.qatools.yandex.ru" start="1386840820916" stop="1386840828098">
    <title>Search tests</title>
    <description>This testsuite has tests what always are passing</description>
    <classname>my.company.ScreenshotTest</classname>
    <test-cases>
        <test-case start="1386840820918" stop="1386840823037" status="failed" severity="normal">
            <title>Page loading test</title>
            <failure>
                <message>AssertionError: 
Expected: is &quot;Yandex&quot;
     but: was &quot;&quot;</message>
                <stack-trace>java.lang.AssertionError: 
Expected: is &quot;Yandex&quot;
     but: was &quot;&quot;
	at org.hamcrest.MatcherAssert.assertThat(MatcherAssert.java:20)
	at org.junit.Assert.assertThat(Assert.java:865)
	at org.junit.Assert.assertThat(Assert.java:832)
	at my.company.steps.WebDriverSteps.checkText(WebDriverSteps.java:50)
	at my.company.ScreenshotTest.pageLoadingTest(ScreenshotTest.java:37)
	at sun.reflect.NativeMethodAccessorImpl.invoke0(Native Method)
	at sun.reflect.NativeMethodAccessorImpl.invoke(NativeMethodAccessorImpl.java:57)
	at sun.reflect.DelegatingMethodAccessorImpl.invoke(DelegatingMethodAccessorImpl.java:43)
	at java.lang.reflect.Method.invoke(Method.java:606)
	at org.junit.runners.model.FrameworkMethod$1.runReflectiveCall(FrameworkMethod.java:47)
	at org.junit.internal.runners.model.ReflectiveCallable.run(ReflectiveCallable.java:12)
	at org.junit.runners.model.FrameworkMethod.invokeExplosively(FrameworkMethod.java:44)
	at org.junit.internal.runners.statements.InvokeMethod.evaluate(InvokeMethod.java:17)
	at org.junit.internal.runners.statements.RunBefores.evaluate(RunBefores.java:26)
	at org.junit.internal.runners.statements.RunAfters.evaluate(RunAfters.java:27)
	at org.junit.rules.TestWatcher$1.evaluate(TestWatcher.java:55)
	at org.junit.rules.RunRules.evaluate(RunRules.java:20)
	at org.junit.runners.ParentRunner.runLeaf(ParentRunner.java:271)
	at org.junit.runners.BlockJUnit4ClassRunner.runChild(BlockJUnit4ClassRunner.java:70)
	at org.junit.runners.BlockJUnit4ClassRunner.runChild(BlockJUnit4ClassRunner.java:50)
	at org.junit.runners.ParentRunner$3.run(ParentRunner.java:238)
	at java.util.concurrent.Executors$RunnableAdapter.call(Executors.java:471)
	at java.util.concurrent.FutureTask.run(FutureTask.java:262)
	at java.util.concurrent.ThreadPoolExecutor.runWorker(ThreadPoolExecutor.java:1145)
	at java.util.concurrent.ThreadPoolExecutor$Worker.run(ThreadPoolExecutor.java:615)
	at java.lang.Thread.run(Thread.java:744)
</stack-trace>
            </failure>
            <steps>
                <step start="1386840822054" stop="1386840822407" status="passed">
                    <title>openMainPage</title>
                </step>
                <step start="1386840822500" stop="1386840822511" status="passed">
                    <title>findElement</title>
                </step>
                <step start="1386840822512" stop="1386840822529" status="failed">
                    <title>Check text in element</title>
                </step>
            </steps>
            <attachments>
                <attachment title="Server Log" source="cb227d13-3f8e-45d1-8eec-7adaa7955f44-attachment.txt" type="txt"/>
                <attachment title="Response" source="ecdef7fa-a198-4a94-9552-d8273355b9f2-attachment.json" type="json"/>
                <attachment title="Page Screenshot" source="10da7494-5833-4574-aee7-e20150a7f36f-attachment.png" type="png"/>
            </attachments>
            <labels>
                <label name="Story" value="WebdriverScreenshot"/>
                <label name="Feature" value="Screenshot"/>
            </labels>
        </test-case>
        <test-case start="1386840820919" stop="1386840826004" status="passed" severity="normal">
            <title>Wildcard search test</title>
            <steps>
                <step start="1386840822054" stop="1386840822407" status="passed">
                    <title>openMainPage</title>
                </step>
                <step start="1386840822407" stop="1386840825270" status="passed">
                    <title>search</title>
                </step>
            </steps>
            <attachments>
                <attachment title="Page Screenshot" source="e35af6a6-80ae-4200-b28a-f47460bfd3e7-attachment.png" type="png"/>
            </attachments>
            <labels>
                <label name="Story" value="WebdriverScreenshot"/>
                <label name="Feature" value="Screenshot"/>
            </labels>
        </test-case>
        <test-case start="1386840820918" stop="1386840827212" status="passed" severity="normal">
            <title>Usual search test</title>
            <steps>
                <step start="1386840822054" stop="1386840822415" status="passed">
                    <title>openMainPage</title>
                </step>
                <step start="1386840822416" stop="1386840826527" status="passed">
                    <title>search</title>
                </step>
            </steps>
            <attachments>
                <attachment title="Page Screenshot" source="38d8d95d-bab7-4c90-8e72-59af4ac40ccf-attachment.png" type="png"/>
            </attachments>
            <labels>
                <label name="Story" value="WebdriverScreenshot"/>
                <label name="Feature" value="Screenshot"/>
            </labels>
        </test-case>
        <test-case start="1386840820918" stop="1386840828097" status="passed" severity="trivial">
            <title>Empty text search</title>
            <steps>
                <step start="1386840822054" stop="1386840822423" status="passed">
                    <title>openMainPage</title>
                </step>
                <step start="1386840822424" stop="1386840827495" status="passed">
                    <title>search</title>
                </step>
            </steps>
            <attachments>
                <attachment title="Page Screenshot" source="d09e1bfe-6682-4956-a687-6fc6033c8b9d-attachment.png" type="png"/>
            </attachments>
            <labels>
                <label name="Story" value="WebdriverScreenshot"/>
                <label name="Feature" value="Screenshot"/>
            </labels>
        </test-case>
    </test-cases>
</ns2:test-suite>
