<?xml version="1.0" encoding="UTF-8" standalone="yes"?>
<ns2:test-suite xmlns:ns2="urn:model.allure.qatools.yandex.ru" start="1391779530376" stop="1391779538163">
    <name>my.company.ScreenshotTest</name>
    <title>Search tests</title>
    <description type="text">This testsuite has tests what always are passing</description>
    <test-cases>
        <test-case start="1391779530377" stop="1391779538054" status="passed" severity="trivial">
            <name>emptyTextSearch</name>
            <title>Empty text search</title>
            <steps>
                <step start="1391779532287" stop="1391779532839" status="passed">
                    <name>openMainPage</name>
                </step>
                <step start="1391779532839" stop="1391779537458" status="passed">
                    <name>search</name>
                </step>
            </steps>
            <attachments>
                <attachment title="Page Screenshot" source="907bb6cb-ac51-45d7-9adc-d459eb3d23c3-attachment.png" type="png"/>
            </attachments>
            <labels>
                <label name="story" value="WebdriverScreenshot"/>
            </labels>
        </test-case>
        <test-case start="1391779530377" stop="1391779535714" status="passed" severity="normal">
            <name>wildcardSearch</name>
            <title>Wildcard search test</title>
            <steps>
                <step start="1391779532287" stop="1391779532807" status="passed">
                    <name>openMainPage</name>
                </step>
                <step start="1391779532807" stop="1391779535021" status="passed">
                    <name>search</name>
                </step>
            </steps>
            <attachments>
                <attachment title="Page Screenshot" source="3515797b-f33c-4fb3-adc9-54b16e2510a3-attachment.png" type="png"/>
            </attachments>
            <labels>
                <label name="story" value="WebdriverScreenshot"/>
            </labels>
        </test-case>
        <test-case start="1391779530378" stop="1391779533663" status="failed" severity="normal">
            <name>pageLoadingTest</name>
            <title>Page loading test</title>
            <failure>
                <message>AssertionError: Text on current page should be correct
Expected: element text is &quot;Yandex&quot;
     but: &lt;[[PhantomJSDriver: phantomjs on LINUX (51b88fa0-8ffb-11e3-b08a-0f43623324f4)] -&gt; css selector: title]&gt; text is &quot;&quot;</message>
                <stack-trace>java.lang.AssertionError: Text on current page should be correct
Expected: element text is &quot;Yandex&quot;
     but: &lt;[[PhantomJSDriver: phantomjs on LINUX (51b88fa0-8ffb-11e3-b08a-0f43623324f4)] -&gt; css selector: title]&gt; text is &quot;&quot;
	at org.hamcrest.MatcherAssert.assertThat(MatcherAssert.java:20)
	at org.junit.Assert.assertThat(Assert.java:865)
	at my.company.steps.WebDriverSteps.checkText(WebDriverSteps.java:51)
	at my.company.ScreenshotTest.pageLoadingTest(ScreenshotTest.java:40)
	at sun.reflect.NativeMethodAccessorImpl.invoke0(Native Method)
	at sun.reflect.NativeMethodAccessorImpl.invoke(NativeMethodAccessorImpl.java:57)
	at sun.reflect.DelegatingMethodAccessorImpl.invoke(DelegatingMethodAccessorImpl.java:43)
	at java.lang.reflect.Method.invoke(Method.java:606)
	at org.junit.runners.model.FrameworkMethod$1.runReflectiveCall(FrameworkMethod.java:47)
	at org.junit.internal.runners.model.ReflectiveCallable.run(ReflectiveCallable.java:12)
	at org.junit.runners.model.FrameworkMethod.invokeExplosively(FrameworkMethod.java:44)
	at org.junit.internal.runners.statements.InvokeMethod.evaluate(InvokeMethod.java:17)
	at org.junit.internal.runners.statements.RunBefores.evaluate(RunBefores.java:26)
	at org.junit.internal.runners.statements.RunAfters.evaluate(RunAfters.java:27)
	at org.junit.runners.ParentRunner.runLeaf(ParentRunner.java:271)
	at org.junit.runners.BlockJUnit4ClassRunner.runChild(BlockJUnit4ClassRunner.java:70)
	at org.junit.runners.BlockJUnit4ClassRunner.runChild(BlockJUnit4ClassRunner.java:50)
	at org.junit.runners.ParentRunner$3.run(ParentRunner.java:238)
	at java.util.concurrent.Executors$RunnableAdapter.call(Executors.java:471)
	at java.util.concurrent.FutureTask.run(FutureTask.java:262)
	at java.util.concurrent.ThreadPoolExecutor.runWorker(ThreadPoolExecutor.java:1145)
	at java.util.concurrent.ThreadPoolExecutor$Worker.run(ThreadPoolExecutor.java:615)
	at java.lang.Thread.run(Thread.java:744)
</stack-trace>
            </failure>
            <steps>
                <step start="1391779532288" stop="1391779532726" status="passed">
                    <name>openMainPage</name>
                </step>
                <step start="1391779533084" stop="1391779533096" status="passed">
                    <name>findElement</name>
                </step>
                <step start="1391779533096" stop="1391779533144" status="failed">
                    <name>checkText</name>
                    <title>Check text in element</title>
                </step>
            </steps>
            <attachments>
                <attachment title="Server Log" source="4a4519b5-a4e4-4a35-a092-db86292ac770-attachment.txt" type="txt"/>
                <attachment title="Response" source="20813455-cea9-4045-b4ea-968e94c5496e-attachment.json" type="json"/>
                <attachment title="Page Screenshot" source="0f008d2b-409e-4126-a435-cbdc4d7e9a96-attachment.png" type="png"/>
            </attachments>
            <labels>
                <label name="story" value="WebdriverScreenshot"/>
            </labels>
            <parameters>
                <parameter name="BROWSER" value="Phantom JS" kind="environment-variable"/>
                <parameter name="PROD_HOST" value="http://ya.ru" kind="environment-variable"/>
                <parameter name="TEST_HOST" value="http://test.ya.ru" kind="environment-variable"/>
            </parameters>
        </test-case>
        <test-case start="1391779530378" stop="1391779537736" status="passed" severity="normal">
            <name>usualSearch</name>
            <title>Usual search test</title>
            <steps>
                <step start="1391779532287" stop="1391779532828" status="passed">
                    <name>openMainPage</name>
                </step>
                <step start="1391779532828" stop="1391779537054" status="passed">
                    <name>search</name>
                </step>
            </steps>
            <attachments>
                <attachment title="Page Screenshot" source="561b4d99-0ef0-4413-83d0-2e5d2bae3736-attachment.png" type="png"/>
            </attachments>
            <labels>
                <label name="story" value="WebdriverScreenshot"/>
            </labels>
        </test-case>
    </test-cases>
    <labels>
        <label name="feature" value="Screenshot"/>
    </labels>
</ns2:test-suite>
