<?xml version="1.0" encoding="UTF-8" standalone="yes"?>
<ns2:test-suite xmlns:ns2="urn:model.allure.qatools.yandex.ru" start="1401358615200" stop="1401358635294">
    <name>my.company.ScreenshotTest</name>
    <title>Search tests</title>
    <description type="text">This testsuite has tests what always are passing</description>
    <test-cases>
        <test-case start="1401358627435" stop="1401358635173" status="passed">
            <name>usualSearch</name>
            <title>Usual search test</title>
            <steps>
                <step start="1401358631396" stop="1401358631873" status="passed">
                    <name>openMainPage</name>
                    <attachments/>
                    <steps/>
                </step>
                <step start="1401358631873" stop="1401358634054" status="passed">
                    <name>search</name>
                    <attachments/>
                    <steps/>
                </step>
            </steps>
            <attachments>
                <attachment title="Page Screenshot" source="f30d98a81c1fed48854438a05b2e166306acd5678f653a2dbb1d2b275453e0e2-attachment.png" type="image/png" size="243040"/>
            </attachments>
            <labels>
                <label name="story" value="WebdriverScreenshot"/>
            </labels>
        </test-case>
        <test-case start="1401358627435" stop="1401358632678" status="failed">
            <name>pageLoadingTest</name>
            <title>Page loading test</title>
            <failure>
                <message>AssertionError: Text on current page should be correct
Expected: element text is "Yandex"
     but: &lt;[[PhantomJSDriver: phantomjs on MAC (65afe8c0-e71a-11e3-ad11-0de96ef5bebf)] -&gt; css selector: title]&gt; text is ""</message>
                <stack-trace>java.lang.AssertionError: Text on current page should be correct
Expected: element text is "Yandex"
     but: &lt;[[PhantomJSDriver: phantomjs on MAC (65afe8c0-e71a-11e3-ad11-0de96ef5bebf)] -&gt; css selector: title]&gt; text is ""
	at org.hamcrest.MatcherAssert.assertThat(MatcherAssert.java:20)
	at org.junit.Assert.assertThat(Assert.java:865)
	at my.company.steps.WebDriverSteps.checkText(WebDriverSteps.java:51)
	at my.company.ScreenshotTest.pageLoadingTest(ScreenshotTest.java:40)
	at sun.reflect.NativeMethodAccessorImpl.invoke0(Native Method)
	at sun.reflect.NativeMethodAccessorImpl.invoke(NativeMethodAccessorImpl.java:57)
	at sun.reflect.DelegatingMethodAccessorImpl.invoke(DelegatingMethodAccessorImpl.java:43)
	at java.lang.reflect.Method.invoke(Method.java:601)
	at org.junit.runners.model.FrameworkMethod$1.runReflectiveCall(FrameworkMethod.java:47)
	at org.junit.internal.runners.model.ReflectiveCallable.run(ReflectiveCallable.java:12)
	at org.junit.runners.model.FrameworkMethod.invokeExplosively(FrameworkMethod.java:44)
	at org.junit.internal.runners.statements.InvokeMethod.evaluate(InvokeMethod.java:17)
	at org.junit.internal.runners.statements.FailOnTimeout$StatementThread.run(FailOnTimeout.java:74)
</stack-trace>
            </failure>
            <steps>
                <step start="1401358631396" stop="1401358631872" status="passed">
                    <name>openMainPage</name>
                </step>
                <step start="1401358632047" stop="1401358632066" status="passed">
                    <name>findElement</name>
                </step>
                <step start="1401358632066" stop="1401358632114" status="failed">
                    <name>checkText</name>
                    <title>Check text in element</title>
                </step>
            </steps>
            <attachments>
                <attachment title="Server Log" source="710498a9c3bb0ecc0c163c1e782dd478833acddd1932af31d0ff190b74ddbd54-attachment.txt" type="text/plain" size="18"/>
                <attachment title="Response" source="d72542d32857f29666f65242d65c5a9ec440275676bd1fb4e83394cd6b984635-attachment.txt" type="text/plain" size="51"/>
                <attachment title="Page Screenshot" source="172c376f87a25351926b1777522ccb6d8e854fda6fb1bd315f2b7a2932b98778-attachment.png" type="image/png" size="15990"/>
            </attachments>
            <labels>
                <label name="story" value="WebdriverScreenshot"/>
            </labels>
        </test-case>
        <test-case start="1401358627435" stop="1401358635150" status="passed">
            <name>wildcardSearch</name>
            <title>Wildcard search test</title>
            <steps>
                <step start="1401358631396" stop="1401358631883" status="passed">
                    <name>openMainPage</name>
                    <attachments/>
                    <steps/>
                </step>
                <step start="1401358631883" stop="1401358634071" status="passed">
                    <name>search</name>
                    <attachments/>
                    <steps/>
                </step>
            </steps>
            <attachments>
                <attachment title="Page Screenshot" source="eba00bc90c85a79396933592547ce0cd066c62ec4cd02e0d324b6fa05bea74b7-attachment.png" type="image/png" size="162056"/>
            </attachments>
            <labels>
                <label name="story" value="WebdriverScreenshot"/>
            </labels>
        </test-case>
        <test-case start="1401358627435" stop="1401358634770" status="passed">
            <name>emptyTextSearch</name>
            <title>Empty text search</title>
            <steps>
                <step start="1401358631396" stop="1401358631868" status="passed">
                    <name>openMainPage</name>
                    <attachments/>
                    <steps/>
                </step>
                <step start="1401358631868" stop="1401358634029" status="passed">
                    <name>search</name>
                    <attachments/>
                    <steps/>
                </step>
            </steps>
            <attachments>
                <attachment title="Page Screenshot" source="294eb773bbb302406c3385328c37de57a5e6a699389399c30ba4c35340eea862-attachment.png" type="image/png" size="23225"/>
            </attachments>
            <labels>
                <label name="severity" value="trivial"/>
                <label name="story" value="WebdriverScreenshot"/>
            </labels>
        </test-case>
    </test-cases>
    <labels>
        <label name="feature" value="Screenshot"/>
    </labels>
</ns2:test-suite>
