<?xml version="1.0" encoding="UTF-8" standalone="yes"?><ns2:test-suite xmlns:ns2="urn:model.allure.qatools.yandex.ru" start="1399987040975" stop="1399987060320"><name>my.company.ScreenshotTest</name><title>Search tests</title><description type="text">This testsuite has tests what always are passing</description><test-cases><test-case start="1399987052275" stop="1399987060231" status="passed"><name>emptyTextSearch</name><title>Empty text search</title><steps><step start="1399987055967" stop="1399987056822" status="passed"><name>openMainPage</name><attachments/><steps/></step><step start="1399987056823" stop="1399987059540" status="passed"><name>search</name><attachments/><steps/></step></steps><attachments><attachment title="Page Screenshot" source="c48587aeb47e4e52d3876672216b244d44037e723f2f2622295c77b38d7e4d5d-attachment.png" type="png"/></attachments><labels><label name="story" value="WebdriverScreenshot"/><label name="severity" value="trivial"/></labels></test-case><test-case start="1399987052275" stop="1399987059971" status="passed"><name>usualSearch</name><title>Usual search test</title><steps><step start="1399987055967" stop="1399987056837" status="passed"><name>openMainPage</name><attachments/><steps/></step><step start="1399987056837" stop="1399987058971" status="passed"><name>search</name><attachments/><steps/></step></steps><attachments><attachment title="Page Screenshot" source="f48fcf986251664368b4e517b5343b8bf4a11dd981e27e01dd66f547bbab3331-attachment.png" type="png"/></attachments><labels><label name="story" value="WebdriverScreenshot"/></labels></test-case><test-case start="1399987052275" stop="1399987057615" status="failed"><name>pageLoadingTest</name><title>Page loading test</title><failure><message>AssertionError: Text on current page should be correct
Expected: element text is "Yandex"
     but: &lt;[[PhantomJSDriver: phantomjs on MAC (f311f630-daa0-11e3-9773-91485290d2aa)] -&gt; css selector: title]&gt; text is ""</message><stack-trace>java.lang.AssertionError: Text on current page should be correct
Expected: element text is "Yandex"
     but: &lt;[[PhantomJSDriver: phantomjs on MAC (f311f630-daa0-11e3-9773-91485290d2aa)] -&gt; css selector: title]&gt; text is ""
	at org.hamcrest.MatcherAssert.assertThat(MatcherAssert.java:20)
	at org.junit.Assert.assertThat(Assert.java:865)
	at my.company.steps.WebDriverSteps.checkText(WebDriverSteps.java:51)
	at my.company.ScreenshotTest.pageLoadingTest(ScreenshotTest.java:40)
	at sun.reflect.NativeMethodAccessorImpl.invoke0(Native Method)
	at sun.reflect.NativeMethodAccessorImpl.invoke(NativeMethodAccessorImpl.java:57)
	at sun.reflect.DelegatingMethodAccessorImpl.invoke(DelegatingMethodAccessorImpl.java:43)
	at java.lang.reflect.Method.invoke(Method.java:601)
	at org.junit.runners.model.FrameworkMethod$1.runReflectiveCall(FrameworkMethod.java:47)
	at org.junit.internal.runners.model.ReflectiveCallable.run(ReflectiveCallable.java:12)
	at org.junit.runners.model.FrameworkMethod.invokeExplosively(FrameworkMethod.java:44)
	at org.junit.internal.runners.statements.InvokeMethod.evaluate(InvokeMethod.java:17)
	at org.junit.internal.runners.statements.FailOnTimeout$StatementThread.run(FailOnTimeout.java:74)
</stack-trace></failure><steps><step start="1399987055967" stop="1399987056818" status="passed"><name>openMainPage</name></step><step start="1399987056993" stop="1399987057008" status="passed"><name>findElement</name></step><step start="1399987057008" stop="1399987057050" status="failed"><name>checkText</name><title>Check text in element</title></step></steps><attachments><attachment title="Server Log" source="710498a9c3bb0ecc0c163c1e782dd478833acddd1932af31d0ff190b74ddbd54-attachment.txt" type="txt"/><attachment title="Response" source="d72542d32857f29666f65242d65c5a9ec440275676bd1fb4e83394cd6b984635-attachment.json" type="json"/><attachment title="Page Screenshot" source="6045646772140323bc1674652fcb226e47f48d29a5c54a7d38da017a3e3fc758-attachment.png" type="png"/></attachments><labels><label name="story" value="WebdriverScreenshot"/></labels></test-case><test-case start="1399987052275" stop="1399987059880" status="passed"><name>wildcardSearch</name><title>Wildcard search test</title><steps><step start="1399987055967" stop="1399987056817" status="passed"><name>openMainPage</name><attachments/><steps/></step><step start="1399987056818" stop="1399987058969" status="passed"><name>search</name><attachments/><steps/></step></steps><attachments><attachment title="Page Screenshot" source="8b32a12d10c10e3ad48ac55a634b2b93f453ef0cec170e2038f9be2355c13058-attachment.png" type="png"/></attachments><labels><label name="story" value="WebdriverScreenshot"/></labels></test-case></test-cases><labels><label name="feature" value="Screenshot"/></labels></ns2:test-suite>