<?xml version="1.0" encoding="UTF-8" standalone="yes"?><ns2:test-suite xmlns:ns2="urn:model.allure.qatools.yandex.ru" start="1399382884397" stop="1399382892044"><name>my.company.ScreenshotTest</name><title>Search tests</title><description type="text">This testsuite has tests what always are passing</description><test-cases><test-case start="1399382884397" stop="1399382891888" status="passed"><name>emptyTextSearch</name><title>Empty text search</title><steps><step start="1399382887641" stop="1399382888370" status="passed"><name>openMainPage</name><attachments/><steps/></step><step start="1399382888370" stop="1399382891191" status="passed"><name>search</name><attachments/><steps/></step></steps><attachments><attachment title="Page Screenshot" source="c48587aeb47e4e52d3876672216b244d44037e723f2f2622295c77b38d7e4d5d-attachment.png" type="png"/></attachments><labels><label name="story" value="WebdriverScreenshot"/><label name="severity" value="trivial"/></labels></test-case><test-case start="1399382884397" stop="1399382888923" status="failed"><name>pageLoadingTest</name><title>Page loading test</title><failure><message>AssertionError: Text on current page should be correct
Expected: element text is "Yandex"
     but: &lt;[[PhantomJSDriver: phantomjs on MAC (42b0bc50-d522-11e3-b0be-2db9617b3db9)] -&gt; css selector: title]&gt; text is ""</message><stack-trace>java.lang.AssertionError: Text on current page should be correct
Expected: element text is "Yandex"
     but: &lt;[[PhantomJSDriver: phantomjs on MAC (42b0bc50-d522-11e3-b0be-2db9617b3db9)] -&gt; css selector: title]&gt; text is ""
	at org.hamcrest.MatcherAssert.assertThat(MatcherAssert.java:20)
	at org.junit.Assert.assertThat(Assert.java:865)
	at my.company.steps.WebDriverSteps.checkText(WebDriverSteps.java:51)
	at my.company.ScreenshotTest.pageLoadingTest(ScreenshotTest.java:40)
	at sun.reflect.NativeMethodAccessorImpl.invoke0(Native Method)
	at sun.reflect.NativeMethodAccessorImpl.invoke(NativeMethodAccessorImpl.java:57)
	at sun.reflect.DelegatingMethodAccessorImpl.invoke(DelegatingMethodAccessorImpl.java:43)
	at java.lang.reflect.Method.invoke(Method.java:601)
	at org.junit.runners.model.FrameworkMethod$1.runReflectiveCall(FrameworkMethod.java:47)
	at org.junit.internal.runners.model.ReflectiveCallable.run(ReflectiveCallable.java:12)
	at org.junit.runners.model.FrameworkMethod.invokeExplosively(FrameworkMethod.java:44)
	at org.junit.internal.runners.statements.InvokeMethod.evaluate(InvokeMethod.java:17)
	at org.junit.internal.runners.statements.FailOnTimeout$StatementThread.run(FailOnTimeout.java:74)
</stack-trace></failure><steps><step start="1399382887641" stop="1399382888148" status="passed"><name>openMainPage</name></step></steps><attachments/><labels><label name="story" value="WebdriverScreenshot"/></labels></test-case><test-case start="1399382884397" stop="1399382891269" status="passed"><name>usualSearch</name><title>Usual search test</title><steps><step start="1399382887641" stop="1399382887964" status="passed"><name>openMainPage</name><attachments/><steps/></step><step start="1399382887964" stop="1399382890087" status="passed"><name>search</name><attachments/><steps/></step></steps><attachments><attachment title="Page Screenshot" source="b855f0a12f1349147932bbfe831055344bae1249eadf1217d0b30e516c151fb9-attachment.png" type="png"/></attachments><labels><label name="story" value="WebdriverScreenshot"/></labels></test-case><test-case start="1399382884397" stop="1399382891328" status="passed"><name>wildcardSearch</name><title>Wildcard search test</title><steps><step start="1399382887641" stop="1399382888265" status="passed"><name>openMainPage</name><attachments/><steps/></step><step start="1399382888265" stop="1399382890387" status="passed"><name>search</name><attachments/><steps/></step></steps><attachments><attachment title="Page Screenshot" source="bb815841b5ddbafa79ff70bf3bda7330450a60d943a62bbcfdd7d9377f4ef617-attachment.png" type="png"/></attachments><labels><label name="story" value="WebdriverScreenshot"/></labels></test-case></test-cases><labels><label name="feature" value="Screenshot"/></labels></ns2:test-suite>