<?xml version="1.0" encoding="UTF-8" standalone="yes"?>
<ns2:test-suite xmlns:ns2="urn:model.allure.qatools.yandex.ru" start="1400681607876" stop="1400681626338">
    <name>my.company.ScreenshotTest</name>
    <title>Search tests</title>
    <description type="text">This testsuite has tests what always are passing</description>
    <test-cases>
        <test-case start="1400681619261" stop="1400681625861" status="passed">
            <name>emptyTextSearch</name>
            <title>Empty text search</title>
            <steps>
                <step start="1400681622536" stop="1400681623001" status="passed">
                    <name>openMainPage</name>
                    <attachments/>
                    <steps/>
                </step>
                <step start="1400681623001" stop="1400681625128" status="passed">
                    <name>search</name>
                    <attachments/>
                    <steps/>
                </step>
            </steps>
            <attachments>
                <attachment title="Page Screenshot" source="e035b7248785c0e55aebccf1e94ece8dc51c19070b04b91d59da9aff1d43ed20-attachment.png" type="image/png"/>
            </attachments>
            <labels>
                <label name="story" value="WebdriverScreenshot"/>
                <label name="severity" value="trivial"/>
            </labels>
        </test-case>
        <test-case start="1400681619261" stop="1400681626128" status="passed">
            <name>wildcardSearch</name>
            <title>Wildcard search test</title>
            <steps>
                <step start="1400681622536" stop="1400681622982" status="passed">
                    <name>openMainPage</name>
                    <attachments/>
                    <steps/>
                </step>
                <step start="1400681622983" stop="1400681625132" status="passed">
                    <name>search</name>
                    <attachments/>
                    <steps/>
                </step>
            </steps>
            <attachments>
                <attachment title="Page Screenshot" source="84f1f1d168e512bd30d89f99c911ce232359f83cc0171645fa640f7789d613de-attachment.png" type="image/png"/>
            </attachments>
            <labels>
                <label name="story" value="WebdriverScreenshot"/>
            </labels>
        </test-case>
        <test-case start="1400681619261" stop="1400681626226" status="passed">
            <name>usualSearch</name>
            <title>Usual search test</title>
            <steps>
                <step start="1400681622536" stop="1400681622975" status="passed">
                    <name>openMainPage</name>
                    <attachments/>
                    <steps/>
                </step>
                <step start="1400681622975" stop="1400681625144" status="passed">
                    <name>search</name>
                    <attachments/>
                    <steps/>
                </step>
            </steps>
            <attachments>
                <attachment title="Page Screenshot" source="eac269213e2ccc4570e7484d33af1f6fc5dde6b8373bbc6c0c13e3cf0e025911-attachment.png" type="image/png"/>
            </attachments>
            <labels>
                <label name="story" value="WebdriverScreenshot"/>
            </labels>
        </test-case>
        <test-case start="1400681619261" stop="1400681623821" status="failed">
            <name>pageLoadingTest</name>
            <title>Page loading test</title>
            <failure>
                <message>AssertionError: Text on current page should be correct
Expected: element text is "Yandex"
     but: &lt;[[PhantomJSDriver: phantomjs on MAC (1d02b130-e0f2-11e3-93d4-93337ce91eae)] -&gt; css selector: title]&gt; text is ""</message>
                <stack-trace>java.lang.AssertionError: Text on current page should be correct
Expected: element text is "Yandex"
     but: &lt;[[PhantomJSDriver: phantomjs on MAC (1d02b130-e0f2-11e3-93d4-93337ce91eae)] -&gt; css selector: title]&gt; text is ""
	at org.hamcrest.MatcherAssert.assertThat(MatcherAssert.java:20)
	at org.junit.Assert.assertThat(Assert.java:865)
	at my.company.steps.WebDriverSteps.checkText(WebDriverSteps.java:51)
	at my.company.ScreenshotTest.pageLoadingTest(ScreenshotTest.java:40)
	at sun.reflect.NativeMethodAccessorImpl.invoke0(Native Method)
	at sun.reflect.NativeMethodAccessorImpl.invoke(NativeMethodAccessorImpl.java:57)
	at sun.reflect.DelegatingMethodAccessorImpl.invoke(DelegatingMethodAccessorImpl.java:43)
	at java.lang.reflect.Method.invoke(Method.java:601)
	at org.junit.runners.model.FrameworkMethod$1.runReflectiveCall(FrameworkMethod.java:47)
	at org.junit.internal.runners.model.ReflectiveCallable.run(ReflectiveCallable.java:12)
	at org.junit.runners.model.FrameworkMethod.invokeExplosively(FrameworkMethod.java:44)
	at org.junit.internal.runners.statements.InvokeMethod.evaluate(InvokeMethod.java:17)
	at org.junit.internal.runners.statements.FailOnTimeout$StatementThread.run(FailOnTimeout.java:74)
</stack-trace>
            </failure>
            <steps>
                <step start="1400681622536" stop="1400681622989" status="passed">
                    <name>openMainPage</name>
                </step>
                <step start="1400681623199" stop="1400681623215" status="passed">
                    <name>findElement</name>
                </step>
                <step start="1400681623215" stop="1400681623257" status="failed">
                    <name>checkText</name>
                    <title>Check text in element</title>
                </step>
            </steps>
            <attachments>
                <attachment title="Server Log" source="710498a9c3bb0ecc0c163c1e782dd478833acddd1932af31d0ff190b74ddbd54-attachment.txt" type="text/plain"/>
                <attachment title="Response" source="d72542d32857f29666f65242d65c5a9ec440275676bd1fb4e83394cd6b984635-attachment.txt" type="text/plain"/>
                <attachment title="Page Screenshot" source="68abd490e2e6009b6416562231168e9283978d69db7359da3548fddebf93c75b-attachment.png" type="image/png"/>
            </attachments>
            <labels>
                <label name="story" value="WebdriverScreenshot"/>
            </labels>
        </test-case>
    </test-cases>
    <labels>
        <label name="feature" value="Screenshot"/>
    </labels>
</ns2:test-suite>
