<?xml version="1.0" encoding="UTF-8" standalone="yes"?>
<ns2:test-suite xmlns:ns2="urn:model.allure.qatools.yandex.ru" start="1386842980649" stop="1386842987798">
    <title>Search tests</title>
    <description>This testsuite has tests what always are passing</description>
    <classname>my.company.ScreenshotTest</classname>
    <test-cases>
        <test-case start="1386842980650" stop="1386842982826" status="failed" severity="normal">
            <title>Page loading test</title>
            <failure>
                <message>AssertionError: 
Expected: is &quot;Yandex&quot;
     but: was &quot;&quot;</message>
                <stack-trace>java.lang.AssertionError: 
Expected: is &quot;Yandex&quot;
     but: was &quot;&quot;
	at org.hamcrest.MatcherAssert.assertThat(MatcherAssert.java:20)
	at org.junit.Assert.assertThat(Assert.java:865)
	at org.junit.Assert.assertThat(Assert.java:832)
	at my.company.steps.WebDriverSteps.checkText(WebDriverSteps.java:50)
	at my.company.ScreenshotTest.pageLoadingTest(ScreenshotTest.java:37)
	at sun.reflect.NativeMethodAccessorImpl.invoke0(Native Method)
	at sun.reflect.NativeMethodAccessorImpl.invoke(NativeMethodAccessorImpl.java:57)
	at sun.reflect.DelegatingMethodAccessorImpl.invoke(DelegatingMethodAccessorImpl.java:43)
	at java.lang.reflect.Method.invoke(Method.java:606)
	at org.junit.runners.model.FrameworkMethod$1.runReflectiveCall(FrameworkMethod.java:47)
	at org.junit.internal.runners.model.ReflectiveCallable.run(ReflectiveCallable.java:12)
	at org.junit.runners.model.FrameworkMethod.invokeExplosively(FrameworkMethod.java:44)
	at org.junit.internal.runners.statements.InvokeMethod.evaluate(InvokeMethod.java:17)
	at org.junit.internal.runners.statements.RunBefores.evaluate(RunBefores.java:26)
	at org.junit.internal.runners.statements.RunAfters.evaluate(RunAfters.java:27)
	at org.junit.rules.TestWatcher$1.evaluate(TestWatcher.java:55)
	at org.junit.rules.RunRules.evaluate(RunRules.java:20)
	at org.junit.runners.ParentRunner.runLeaf(ParentRunner.java:271)
	at org.junit.runners.BlockJUnit4ClassRunner.runChild(BlockJUnit4ClassRunner.java:70)
	at org.junit.runners.BlockJUnit4ClassRunner.runChild(BlockJUnit4ClassRunner.java:50)
	at org.junit.runners.ParentRunner$3.run(ParentRunner.java:238)
	at java.util.concurrent.Executors$RunnableAdapter.call(Executors.java:471)
	at java.util.concurrent.FutureTask.run(FutureTask.java:262)
	at java.util.concurrent.ThreadPoolExecutor.runWorker(ThreadPoolExecutor.java:1145)
	at java.util.concurrent.ThreadPoolExecutor$Worker.run(ThreadPoolExecutor.java:615)
	at java.lang.Thread.run(Thread.java:744)
</stack-trace>
            </failure>
            <steps>
                <step start="1386842981817" stop="1386842982169" status="passed">
                    <title>openMainPage</title>
                </step>
                <step start="1386842982286" stop="1386842982297" status="passed">
                    <title>findElement</title>
                </step>
                <step start="1386842982297" stop="1386842982313" status="failed">
                    <title>Check text in element</title>
                </step>
            </steps>
            <attachments>
                <attachment title="Server Log" source="b08ae8fb-a2c1-41af-9e20-6c15d01551db-attachment.txt" type="txt"/>
                <attachment title="Response" source="ff0fe7dd-8cd1-412d-9b6d-e06a5a6e3380-attachment.json" type="json"/>
                <attachment title="Page Screenshot" source="976f484f-edb7-464b-bf3b-62e4b536b5ca-attachment.png" type="png"/>
            </attachments>
            <labels>
                <label name="Story" value="WebdriverScreenshot"/>
                <label name="Feature" value="Screenshot"/>
            </labels>
        </test-case>
        <test-case start="1386842980650" stop="1386842985003" status="passed" severity="normal">
            <title>Wildcard search test</title>
            <steps>
                <step start="1386842981817" stop="1386842982171" status="passed">
                    <title>openMainPage</title>
                </step>
                <step start="1386842982172" stop="1386842984293" status="passed">
                    <title>search</title>
                </step>
            </steps>
            <attachments>
                <attachment title="Page Screenshot" source="dc651a49-b295-4c8a-90cc-639f236b6e8b-attachment.png" type="png"/>
            </attachments>
            <labels>
                <label name="Story" value="WebdriverScreenshot"/>
                <label name="Feature" value="Screenshot"/>
            </labels>
        </test-case>
        <test-case start="1386842980650" stop="1386842985006" status="passed" severity="normal">
            <title>Usual search test</title>
            <steps>
                <step start="1386842981817" stop="1386842982180" status="passed">
                    <title>openMainPage</title>
                </step>
                <step start="1386842982180" stop="1386842984291" status="passed">
                    <title>search</title>
                </step>
            </steps>
            <attachments>
                <attachment title="Page Screenshot" source="2db69679-a5da-47ca-95c5-bb05c6f48182-attachment.png" type="png"/>
            </attachments>
            <labels>
                <label name="Story" value="WebdriverScreenshot"/>
                <label name="Feature" value="Screenshot"/>
            </labels>
        </test-case>
        <test-case start="1386842980650" stop="1386842987798" status="passed" severity="trivial">
            <title>Empty text search</title>
            <steps>
                <step start="1386842981817" stop="1386842982173" status="passed">
                    <title>openMainPage</title>
                </step>
                <step start="1386842982174" stop="1386842987207" status="passed">
                    <title>search</title>
                </step>
            </steps>
            <attachments>
                <attachment title="Page Screenshot" source="8a5b4ddf-76fa-4cc4-8133-011860f935af-attachment.png" type="png"/>
            </attachments>
            <labels>
                <label name="Story" value="WebdriverScreenshot"/>
                <label name="Feature" value="Screenshot"/>
            </labels>
        </test-case>
    </test-cases>
</ns2:test-suite>
