<?xml version="1.0" encoding="UTF-8" standalone="yes"?>
<ns2:test-suite xmlns:ns2="urn:model.allure.qatools.yandex.ru" start="1387886628585" stop="1387886635073">
    <name>my.company.ScreenshotTest</name>
    <title>Search tests</title>
    <description type="text">This testsuite has tests what always are passing</description>
    <test-cases>
        <test-case start="1387886628588" stop="1387886634787" status="passed" severity="normal">
            <name>usualSearch</name>
            <title>Usual search test</title>
            <steps>
                <step start="1387886629644" stop="1387886629976" status="passed">
                    <name>openMainPage</name>
                </step>
                <step start="1387886629976" stop="1387886634094" status="passed">
                    <name>search</name>
                </step>
            </steps>
            <attachments>
                <attachment title="Page Screenshot" source="5ace4fa6-cd45-43cb-b65d-6134493913ab-attachment.png" type="png"/>
            </attachments>
            <labels>
                <label name="story" value="WebdriverScreenshot"/>
                <label name="feature" value="Screenshot"/>
            </labels>
        </test-case>
        <test-case start="1387886628588" stop="1387886630626" status="failed" severity="normal">
            <name>pageLoadingTest</name>
            <title>Page loading test</title>
            <failure>
                <message>AssertionError: 
Expected: is &quot;Yandex&quot;
     but: was &quot;&quot;</message>
                <stack-trace>java.lang.AssertionError: 
Expected: is &quot;Yandex&quot;
     but: was &quot;&quot;
	at org.hamcrest.MatcherAssert.assertThat(MatcherAssert.java:20)
	at org.junit.Assert.assertThat(Assert.java:865)
	at org.junit.Assert.assertThat(Assert.java:832)
	at my.company.steps.WebDriverSteps.checkText(WebDriverSteps.java:50)
	at my.company.ScreenshotTest.pageLoadingTest(ScreenshotTest.java:37)
	at sun.reflect.NativeMethodAccessorImpl.invoke0(Native Method)
	at sun.reflect.NativeMethodAccessorImpl.invoke(NativeMethodAccessorImpl.java:57)
	at sun.reflect.DelegatingMethodAccessorImpl.invoke(DelegatingMethodAccessorImpl.java:43)
	at java.lang.reflect.Method.invoke(Method.java:606)
	at org.junit.runners.model.FrameworkMethod$1.runReflectiveCall(FrameworkMethod.java:47)
	at org.junit.internal.runners.model.ReflectiveCallable.run(ReflectiveCallable.java:12)
	at org.junit.runners.model.FrameworkMethod.invokeExplosively(FrameworkMethod.java:44)
	at org.junit.internal.runners.statements.InvokeMethod.evaluate(InvokeMethod.java:17)
	at org.junit.internal.runners.statements.RunBefores.evaluate(RunBefores.java:26)
	at org.junit.internal.runners.statements.RunAfters.evaluate(RunAfters.java:27)
	at org.junit.rules.TestWatcher$1.evaluate(TestWatcher.java:55)
	at org.junit.rules.RunRules.evaluate(RunRules.java:20)
	at org.junit.runners.ParentRunner.runLeaf(ParentRunner.java:271)
	at org.junit.runners.BlockJUnit4ClassRunner.runChild(BlockJUnit4ClassRunner.java:70)
	at org.junit.runners.BlockJUnit4ClassRunner.runChild(BlockJUnit4ClassRunner.java:50)
	at org.junit.runners.ParentRunner$3.run(ParentRunner.java:238)
	at java.util.concurrent.Executors$RunnableAdapter.call(Executors.java:471)
	at java.util.concurrent.FutureTask.run(FutureTask.java:262)
	at java.util.concurrent.ThreadPoolExecutor.runWorker(ThreadPoolExecutor.java:1145)
	at java.util.concurrent.ThreadPoolExecutor$Worker.run(ThreadPoolExecutor.java:615)
	at java.lang.Thread.run(Thread.java:744)
</stack-trace>
            </failure>
            <steps>
                <step start="1387886629645" stop="1387886629972" status="passed">
                    <name>openMainPage</name>
                </step>
                <step start="1387886630082" stop="1387886630093" status="passed">
                    <name>findElement</name>
                </step>
                <step start="1387886630093" stop="1387886630115" status="failed">
                    <name>checkText</name>
                    <title>Check text in element</title>
                </step>
            </steps>
            <attachments>
                <attachment title="Server Log" source="3a255dfa-3da4-4d2c-95ab-77022d4e6af5-attachment.txt" type="txt"/>
                <attachment title="Response" source="8f9b9a77-6da0-40cf-95a0-7336d9d40147-attachment.json" type="json"/>
                <attachment title="Page Screenshot" source="50c843d9-0ab2-4ea1-bfe2-9fb314721624-attachment.png" type="png"/>
            </attachments>
            <labels>
                <label name="story" value="WebdriverScreenshot"/>
                <label name="feature" value="Screenshot"/>
            </labels>
        </test-case>
        <test-case start="1387886628588" stop="1387886635073" status="passed" severity="trivial">
            <name>emptyTextSearch</name>
            <title>Empty text search</title>
            <steps>
                <step start="1387886629644" stop="1387886629970" status="passed">
                    <name>openMainPage</name>
                </step>
                <step start="1387886629971" stop="1387886634488" status="passed">
                    <name>search</name>
                </step>
            </steps>
            <attachments>
                <attachment title="Page Screenshot" source="3025aaa4-91e3-46ed-8381-1ca99fbd9a54-attachment.png" type="png"/>
            </attachments>
            <labels>
                <label name="story" value="WebdriverScreenshot"/>
                <label name="feature" value="Screenshot"/>
            </labels>
        </test-case>
        <test-case start="1387886628588" stop="1387886632791" status="passed" severity="normal">
            <name>wildcardSearch</name>
            <title>Wildcard search test</title>
            <steps>
                <step start="1387886629645" stop="1387886629970" status="passed">
                    <name>openMainPage</name>
                </step>
                <step start="1387886629971" stop="1387886632091" status="passed">
                    <name>search</name>
                </step>
            </steps>
            <attachments>
                <attachment title="Page Screenshot" source="fa9b85e4-67de-4966-9e1e-a2ae86dd8001-attachment.png" type="png"/>
            </attachments>
            <labels>
                <label name="story" value="WebdriverScreenshot"/>
                <label name="feature" value="Screenshot"/>
            </labels>
        </test-case>
    </test-cases>
    <labels/>
</ns2:test-suite>
