<?xml version="1.0" encoding="UTF-8" standalone="yes"?>
<ns2:test-suite xmlns:ns2="urn:model.allure.qatools.yandex.ru" start="1391003386359" stop="1391003394305">
    <name>my.company.ScreenshotTest</name>
    <title>Search tests</title>
    <description type="text">This testsuite has tests what always are passing</description>
    <test-cases>
        <test-case start="1391003386359" stop="1391003394185" status="passed" severity="trivial">
            <name>emptyTextSearch</name>
            <title>Empty text search</title>
            <steps>
                <step start="1391003388134" stop="1391003388803" status="passed">
                    <name>openMainPage</name>
                </step>
                <step start="1391003388803" stop="1391003393586" status="passed">
                    <name>search</name>
                </step>
            </steps>
            <attachments>
                <attachment title="Page Screenshot" source="6314e513-0894-4630-9bf4-9a1e4cb0a378-attachment.png" type="png"/>
            </attachments>
            <labels>
                <label name="story" value="WebdriverScreenshot"/>
            </labels>
        </test-case>
        <test-case start="1391003386359" stop="1391003393743" status="passed" severity="normal">
            <name>usualSearch</name>
            <title>Usual search test</title>
            <steps>
                <step start="1391003388134" stop="1391003388794" status="passed">
                    <name>openMainPage</name>
                </step>
                <step start="1391003388795" stop="1391003393021" status="passed">
                    <name>search</name>
                </step>
            </steps>
            <attachments>
                <attachment title="Page Screenshot" source="6d983952-fdc9-474c-99a4-d051d83e3338-attachment.png" type="png"/>
            </attachments>
            <labels>
                <label name="story" value="WebdriverScreenshot"/>
            </labels>
        </test-case>
        <test-case start="1391003386360" stop="1391003389903" status="failed" severity="normal">
            <name>pageLoadingTest</name>
            <title>Page loading test</title>
            <failure>
                <message>AssertionError: Text on current page should be correct
Expected: element text is &quot;Yandex&quot;
     but: &lt;[[PhantomJSDriver: phantomjs on LINUX (37bb2d80-88ec-11e3-ab07-03c4b84403b2)] -&gt; css selector: title]&gt; text is &quot;&quot;</message>
                <stack-trace>java.lang.AssertionError: Text on current page should be correct
Expected: element text is &quot;Yandex&quot;
     but: &lt;[[PhantomJSDriver: phantomjs on LINUX (37bb2d80-88ec-11e3-ab07-03c4b84403b2)] -&gt; css selector: title]&gt; text is &quot;&quot;
	at org.hamcrest.MatcherAssert.assertThat(MatcherAssert.java:20)
	at org.junit.Assert.assertThat(Assert.java:865)
	at my.company.steps.WebDriverSteps.checkText(WebDriverSteps.java:51)
	at my.company.ScreenshotTest.pageLoadingTest(ScreenshotTest.java:35)
	at sun.reflect.NativeMethodAccessorImpl.invoke0(Native Method)
	at sun.reflect.NativeMethodAccessorImpl.invoke(NativeMethodAccessorImpl.java:57)
	at sun.reflect.DelegatingMethodAccessorImpl.invoke(DelegatingMethodAccessorImpl.java:43)
	at java.lang.reflect.Method.invoke(Method.java:606)
	at org.junit.runners.model.FrameworkMethod$1.runReflectiveCall(FrameworkMethod.java:47)
	at org.junit.internal.runners.model.ReflectiveCallable.run(ReflectiveCallable.java:12)
	at org.junit.runners.model.FrameworkMethod.invokeExplosively(FrameworkMethod.java:44)
	at org.junit.internal.runners.statements.InvokeMethod.evaluate(InvokeMethod.java:17)
	at org.junit.internal.runners.statements.RunBefores.evaluate(RunBefores.java:26)
	at org.junit.internal.runners.statements.RunAfters.evaluate(RunAfters.java:27)
	at org.junit.runners.ParentRunner.runLeaf(ParentRunner.java:271)
	at org.junit.runners.BlockJUnit4ClassRunner.runChild(BlockJUnit4ClassRunner.java:70)
	at org.junit.runners.BlockJUnit4ClassRunner.runChild(BlockJUnit4ClassRunner.java:50)
	at org.junit.runners.ParentRunner$3.run(ParentRunner.java:238)
	at java.util.concurrent.Executors$RunnableAdapter.call(Executors.java:471)
	at java.util.concurrent.FutureTask.run(FutureTask.java:262)
	at java.util.concurrent.ThreadPoolExecutor.runWorker(ThreadPoolExecutor.java:1145)
	at java.util.concurrent.ThreadPoolExecutor$Worker.run(ThreadPoolExecutor.java:615)
	at java.lang.Thread.run(Thread.java:744)
</stack-trace>
            </failure>
            <steps>
                <step start="1391003388135" stop="1391003388809" status="passed">
                    <name>openMainPage</name>
                </step>
                <step start="1391003389316" stop="1391003389327" status="passed">
                    <name>findElement</name>
                </step>
                <step start="1391003389327" stop="1391003389380" status="failed">
                    <name>checkText</name>
                    <title>Check text in element</title>
                </step>
            </steps>
            <attachments>
                <attachment title="Server Log" source="8742e563-c153-481a-9841-ff591d2c59ed-attachment.txt" type="txt"/>
                <attachment title="Response" source="8c558b28-eab6-4ce4-b988-4141cdd4441d-attachment.json" type="json"/>
                <attachment title="Page Screenshot" source="33e86d60-23ed-4434-86ae-eeb1ae9c02df-attachment.png" type="png"/>
            </attachments>
            <labels>
                <label name="story" value="WebdriverScreenshot"/>
            </labels>
        </test-case>
        <test-case start="1391003386360" stop="1391003393754" status="passed" severity="normal">
            <name>wildcardSearch</name>
            <title>Wildcard search test</title>
            <steps>
                <step start="1391003388136" stop="1391003388794" status="passed">
                    <name>openMainPage</name>
                </step>
                <step start="1391003388794" stop="1391003393023" status="passed">
                    <name>search</name>
                </step>
            </steps>
            <attachments>
                <attachment title="Page Screenshot" source="163f7e22-8281-47f0-864b-b643d354909d-attachment.png" type="png"/>
            </attachments>
            <labels>
                <label name="story" value="WebdriverScreenshot"/>
            </labels>
        </test-case>
    </test-cases>
    <labels>
        <label name="feature" value="Screenshot"/>
    </labels>
</ns2:test-suite>
